<?xml version="1.0" encoding="UTF-8"?>
<!-- Generated by org.testng.reporters.JUnitXMLReporter -->
<testsuite ignored="1" hostname="LAPTOP-KOS4MB62" failures="0" tests="3" name="Default test" time="47.284" errors="0" timestamp="2022-02-07T09:50:17 IST">
  <testcase classname="PaymentAutomationTest.myAccountLoginTest" name="LoginTest" time="21.778"/>
  <testcase classname="PaymentAutomationTest.myAccountLoginTest" name="AddItem" time="17.332"/>
  <testcase classname="PaymentAutomationTest.myAccountLoginTest" name="verifyCheckoutAndUpiPayment" time="8.125"/>
  <testcase classname="PaymentAutomationTest.myAccountLoginTest" name="verifyCheckoutAndCardPayment" time="0.0">
    <ignored/>
  </testcase> <!-- verifyCheckoutAndCardPayment -->
</testsuite> <!-- Default test -->
