<?xml version="1.0" encoding="UTF-8"?>
<!-- Generated by org.testng.reporters.JUnitXMLReporter -->
<testsuite ignored="1" hostname="LAPTOP-KOS4MB62" failures="0" tests="3" name="Default test" time="54.073" errors="0" timestamp="2022-02-03T14:34:31 IST">
  <testcase classname="PaymentAutomationTest.myAccountLoginTest" name="LoginTest" time="24.505"/>
  <testcase classname="PaymentAutomationTest.myAccountLoginTest" name="AddItem" time="19.56"/>
  <testcase classname="PaymentAutomationTest.myAccountLoginTest" name="verifyCheckoutAndUpiPayment" time="9.942"/>
  <testcase classname="PaymentAutomationTest.myAccountLoginTest" name="verifyCheckoutAndCardPayment" time="0.0">
    <ignored/>
  </testcase> <!-- verifyCheckoutAndCardPayment -->
</testsuite> <!-- Default test -->
